Using pre-set license
Built from '2020.3/china_unity/release' branch; Version is '2020.3.31f1c1 (f95fbe3d210a) revision 16342974'; Using compiler version '192528614'; Build Type 'Release'
OS: 'Windows 11  (10.0.22621) 64bit ProfessionalEducation' Language: 'zh' Physical Memory: 16005 MB
BatchMode: 1, IsHumanControllingUs: 0, StartBugReporterOnCrash: 0, Is64bit: 1, IsPro: 0

COMMAND LINE ARGUMENTS:
D:\Unity\2020.3.31f1c1\Editor\Unity.exe
-adb2
-batchMode
-noUpm
-name
AssetImportWorker0
-projectPath
D:/提瓦特保卫战/Teyvat-Rush
-logFile
Logs/AssetImportWorker0.log
-srvPort
13545
Successfully changed project path to: D:/提瓦特保卫战/Teyvat-Rush
D:/提瓦特保卫战/Teyvat-Rush
Using Asset Import Pipeline V2.
AS: AutoStreaming module initializing.Refreshing native plugins compatible for Editor in 30.56 ms, found 3 plugins.
Preloading 0 native plugins for Editor in 0.00 ms.
Initialize engine version: 2020.3.31f1c1 (f95fbe3d210a)
[Subsystems] Discovering subsystems at path D:/Unity/2020.3.31f1c1/Editor/Data/Resources/UnitySubsystems
[Subsystems] Discovering subsystems at path D:/提瓦特保卫战/Teyvat-Rush/Assets
GfxDevice: creating device client; threaded=0
Direct3D:
    Version:  Direct3D 11.0 [level 11.1]
    Renderer: NVIDIA GeForce RTX 3050 Ti Laptop GPU (ID=0x25a0)
    Vendor:   
    VRAM:     3990 MB
    Driver:   30.0.15.1278
Initialize mono
Mono path[0] = 'D:/Unity/2020.3.31f1c1/Editor/Data/Managed'
Mono path[1] = 'D:/Unity/2020.3.31f1c1/Editor/Data/MonoBleedingEdge/lib/mono/unityjit'
Mono config path = 'D:/Unity/2020.3.31f1c1/Editor/Data/MonoBleedingEdge/etc'
Using monoOptions --debugger-agent=transport=dt_socket,embedding=1,server=y,suspend=n,address=127.0.0.1:56504
Begin MonoManager ReloadAssembly
Registering precompiled unity dll's ...
Register platform support module: D:/Unity/2020.3.31f1c1/Editor/Data/PlaybackEngines/WindowsStandaloneSupport/UnityEditor.WindowsStandalone.Extensions.dll
Registered in 0.000508 seconds.
Native extension for WindowsStandalone target not found
Refreshing native plugins compatible for Editor in 32.59 ms, found 3 plugins.
Preloading 0 native plugins for Editor in 0.00 ms.
Mono: successfully reloaded assembly
- Completed reload, in  0.381 seconds
Domain Reload Profiling:
	ReloadAssembly (381ms)
		BeginReloadAssembly (40ms)
			ExecutionOrderSort (0ms)
			DisableScriptedObjects (0ms)
			BackupInstance (0ms)
			ReleaseScriptingObjects (0ms)
			CreateAndSetChildDomain (1ms)
		EndReloadAssembly (297ms)
			LoadAssemblies (39ms)
			RebuildTransferFunctionScriptingTraits (0ms)
			SetupTypeCache (91ms)
			ReleaseScriptCaches (0ms)
			RebuildScriptCaches (19ms)
			SetupLoadedEditorAssemblies (117ms)
				LogAssemblyErrors (0ms)
				InitializePlatformSupportModulesInManaged (3ms)
				SetLoadedEditorAssemblies (1ms)
				RefreshPlugins (33ms)
				BeforeProcessingInitializeOnLoad (11ms)
				ProcessInitializeOnLoadAttributes (51ms)
				ProcessInitializeOnLoadMethodAttributes (19ms)
				AfterProcessingInitializeOnLoad (0ms)
				EditorAssembliesLoaded (0ms)
			ExecutionOrderSort2 (0ms)
			AwakeInstancesAfterBackupRestoration (0ms)
Platform modules already initialized, skipping
Registering precompiled user dll's ...
Registered in 0.001339 seconds.
Begin MonoManager ReloadAssembly
Native extension for WindowsStandalone target not found
Refreshing native plugins compatible for Editor in 32.08 ms, found 3 plugins.
Preloading 0 native plugins for Editor in 0.00 ms.
数据内容:1
UnityEngine.StackTraceUtility:ExtractStackTrace ()
UnityEngine.DebugLogHandler:LogFormat (UnityEngine.LogType,UnityEngine.Object,string,object[])
UnityEngine.Logger:Log (UnityEngine.LogType,object)
UnityEngine.Debug:Log (object)
Startup:.cctor () (at Assets/Editor/ReadTable.cs:35)
System.Runtime.CompilerServices.RuntimeHelpers:RunClassConstructor (System.RuntimeTypeHandle)
UnityEditor.EditorAssemblies:ProcessInitializeOnLoadAttributes (System.Type[])

(Filename: Assets/Editor/ReadTable.cs Line: 35)

数据内容:1
UnityEngine.StackTraceUtility:ExtractStackTrace ()
UnityEngine.DebugLogHandler:LogFormat (UnityEngine.LogType,UnityEngine.Object,string,object[])
UnityEngine.Logger:Log (UnityEngine.LogType,object)
UnityEngine.Debug:Log (object)
Startup:.cctor () (at Assets/Editor/ReadTable.cs:35)
System.Runtime.CompilerServices.RuntimeHelpers:RunClassConstructor (System.RuntimeTypeHandle)
UnityEditor.EditorAssemblies:ProcessInitializeOnLoadAttributes (System.Type[])

(Filename: Assets/Editor/ReadTable.cs Line: 35)

数据内容:1
UnityEngine.StackTraceUtility:ExtractStackTrace ()
UnityEngine.DebugLogHandler:LogFormat (UnityEngine.LogType,UnityEngine.Object,string,object[])
UnityEngine.Logger:Log (UnityEngine.LogType,object)
UnityEngine.Debug:Log (object)
Startup:.cctor () (at Assets/Editor/ReadTable.cs:35)
System.Runtime.CompilerServices.RuntimeHelpers:RunClassConstructor (System.RuntimeTypeHandle)
UnityEditor.EditorAssemblies:ProcessInitializeOnLoadAttributes (System.Type[])

(Filename: Assets/Editor/ReadTable.cs Line: 35)

数据内容:20
UnityEngine.StackTraceUtility:ExtractStackTrace ()
UnityEngine.DebugLogHandler:LogFormat (UnityEngine.LogType,UnityEngine.Object,string,object[])
UnityEngine.Logger:Log (UnityEngine.LogType,object)
UnityEngine.Debug:Log (object)
Startup:.cctor () (at Assets/Editor/ReadTable.cs:35)
System.Runtime.CompilerServices.RuntimeHelpers:RunClassConstructor (System.RuntimeTypeHandle)
UnityEditor.EditorAssemblies:ProcessInitializeOnLoadAttributes (System.Type[])

(Filename: Assets/Editor/ReadTable.cs Line: 35)

数据内容:1
UnityEngine.StackTraceUtility:ExtractStackTrace ()
UnityEngine.DebugLogHandler:LogFormat (UnityEngine.LogType,UnityEngine.Object,string,object[])
UnityEngine.Logger:Log (UnityEngine.LogType,object)
UnityEngine.Debug:Log (object)
Startup:.cctor () (at Assets/Editor/ReadTable.cs:35)
System.Runtime.CompilerServices.RuntimeHelpers:RunClassConstructor (System.RuntimeTypeHandle)
UnityEditor.EditorAssemblies:ProcessInitializeOnLoadAttributes (System.Type[])

(Filename: Assets/Editor/ReadTable.cs Line: 35)

数据内容:0
UnityEngine.StackTraceUtility:ExtractStackTrace ()
UnityEngine.DebugLogHandler:LogFormat (UnityEngine.LogType,UnityEngine.Object,string,object[])
UnityEngine.Logger:Log (UnityEngine.LogType,object)
UnityEngine.Debug:Log (object)
Startup:.cctor () (at Assets/Editor/ReadTable.cs:35)
System.Runtime.CompilerServices.RuntimeHelpers:RunClassConstructor (System.RuntimeTypeHandle)
UnityEditor.EditorAssemblies:ProcessInitializeOnLoadAttributes (System.Type[])

(Filename: Assets/Editor/ReadTable.cs Line: 35)

System.NullReferenceException: Object reference not set to an instance of an object
  at Startup..cctor () [0x000d1] in D:\提瓦特保卫战\Teyvat-Rush\Assets\Editor\ReadTable.cs:39 
UnityEngine.StackTraceUtility:ExtractStackTrace ()
UnityEngine.DebugLogHandler:LogFormat (UnityEngine.LogType,UnityEngine.Object,string,object[])
UnityEngine.Logger:Log (UnityEngine.LogType,object)
UnityEngine.Debug:LogError (object)
UnityEditor.EditorAssemblies:ProcessInitializeOnLoadAttributes (System.Type[])

Mono: successfully reloaded assembly
- Completed reload, in  0.790 seconds
Domain Reload Profiling:
	ReloadAssembly (791ms)
		BeginReloadAssembly (94ms)
			ExecutionOrderSort (0ms)
			DisableScriptedObjects (3ms)
			BackupInstance (0ms)
			ReleaseScriptingObjects (0ms)
			CreateAndSetChildDomain (14ms)
		EndReloadAssembly (661ms)
			LoadAssemblies (70ms)
			RebuildTransferFunctionScriptingTraits (0ms)
			SetupTypeCache (196ms)
			ReleaseScriptCaches (0ms)
			RebuildScriptCaches (29ms)
			SetupLoadedEditorAssemblies (301ms)
				LogAssemblyErrors (0ms)
				InitializePlatformSupportModulesInManaged (2ms)
				SetLoadedEditorAssemblies (0ms)
				RefreshPlugins (32ms)
				BeforeProcessingInitializeOnLoad (49ms)
				ProcessInitializeOnLoadAttributes (205ms)
				ProcessInitializeOnLoadMethodAttributes (11ms)
				AfterProcessingInitializeOnLoad (1ms)
				EditorAssembliesLoaded (0ms)
			ExecutionOrderSort2 (0ms)
			AwakeInstancesAfterBackupRestoration (4ms)
Platform modules already initialized, skipping
========================================================================
Worker process is ready to serve import requests
Launched and connected shader compiler UnityShaderCompiler.exe after 0.03 seconds
Refreshing native plugins compatible for Editor in 0.36 ms, found 3 plugins.
Preloading 0 native plugins for Editor in 0.00 ms.
Unloading 2226 Unused Serialized files (Serialized files now loaded: 0)
System memory in use before: 120.6 MB.
System memory in use after: 120.6 MB.

Unloading 30 unused Assets to reduce memory usage. Loaded Objects now: 2685.
Total: 2.295900 ms (FindLiveObjects: 0.125700 ms CreateObjectMapping: 0.035300 ms MarkObjects: 2.031300 ms  DeleteObjects: 0.103000 ms)

AssetImportParameters requested are different than current active one (requested -> active):
  custom:framework-win-MediaFoundation: 216162199b28c13a410421893ffa2e32 -> 
  custom:video-decoder-ogg-theora: a1e56fd34408186e4bbccfd4996cb3dc -> 
  custom:container-muxer-webm: aa71ff27fc2769a1b78a27578f13a17b -> 
  custom:container-demuxer-webm: 4f35f7cbe854078d1ac9338744f61a02 -> 
  custom:container-demuxer-ogg: 62fdf1f143b41e24485cea50d1cbac27 -> 
  custom:video-encoder-webm-vp8: eb34c28f22e8b96e1ab97ce403110664 -> 
  custom:video-codec-MediaFoundation-h265: 746d11721c4dcdbdad8f713fa42b33f4 -> 
  custom:video-decoder-webm-vp8: 9c59270c3fd7afecdb556c50c9e8de78 -> 
  custom:audio-decoder-ogg-vorbis: bf7c407c2cedff20999df2af8eb42d56 -> 
  custom:audio-encoder-webm-vorbis: bf7c407c2cedff20999df2af8eb42d56 -> 
========================================================================
Received Import Request.
  path: Assets/Resources/Data.asset
  artifactKey: Guid(bad754938c9df5d499ca01fb2458589a) Importer(815301076,1909f56bfc062723c751e8b465ee728b)
Start importing Assets/Resources/Data.asset using Guid(bad754938c9df5d499ca01fb2458589a) Importer(815301076,1909f56bfc062723c751e8b465ee728b)  -> (artifact id: '5e9934b5da4feae8d4dc40bc733fd5d1') in 0.024698 seconds 
========================================================================
Received Import Request.
  Time since last request: 0.000205 seconds.
  path: Assets/Resources/Level.asset
  artifactKey: Guid(4c418ab4321bc3a47a5dfffd7cd99019) Importer(815301076,1909f56bfc062723c751e8b465ee728b)
Start importing Assets/Resources/Level.asset using Guid(4c418ab4321bc3a47a5dfffd7cd99019) Importer(815301076,1909f56bfc062723c751e8b465ee728b)  -> (artifact id: 'c447be144954f3430d2c994ad25b2671') in 0.005541 seconds 
========================================================================
Received Import Request.
  Time since last request: 0.000228 seconds.
  path: Assets/Resources/Prefabs/Mora.prefab
  artifactKey: Guid(2242196e65a1db24e860182aad6f3de0) Importer(815301076,1909f56bfc062723c751e8b465ee728b)
Start importing Assets/Resources/Prefabs/Mora.prefab using Guid(2242196e65a1db24e860182aad6f3de0) Importer(815301076,1909f56bfc062723c751e8b465ee728b)  -> (artifact id: '257214a8685eda110f99714bd5a9339a') in 0.053725 seconds 
========================================================================
Received Import Request.
  Time since last request: 2.908119 seconds.
  path: Assets/Resources/Prefabs/Point_FengSlime.prefab
  artifactKey: Guid(f5ba5f5d39cf5f24bb27aabf79a0006b) Importer(815301076,1909f56bfc062723c751e8b465ee728b)
Start importing Assets/Resources/Prefabs/Point_FengSlime.prefab using Guid(f5ba5f5d39cf5f24bb27aabf79a0006b) Importer(815301076,1909f56bfc062723c751e8b465ee728b)  -> (artifact id: '804e08fa0f42248076ced636155afcbb') in 0.020782 seconds 
========================================================================
Received Import Request.
  Time since last request: 0.000635 seconds.
  path: Assets/Resources/Prefabs/qqRen.prefab
  artifactKey: Guid(715d73836dd1dd34e8fd2937fac4319f) Importer(815301076,1909f56bfc062723c751e8b465ee728b)
Start importing Assets/Resources/Prefabs/qqRen.prefab using Guid(715d73836dd1dd34e8fd2937fac4319f) Importer(815301076,1909f56bfc062723c751e8b465ee728b)  -> (artifact id: '46bbf62d11c68c32709e8d2dd3b82dd5') in 0.018750 seconds 
========================================================================
Received Import Request.
  Time since last request: 0.000225 seconds.
  path: Assets/Resources/Prefabs/Point_Nuoaier.prefab
  artifactKey: Guid(f39992e56e04c04479d9300f26f8e91e) Importer(815301076,1909f56bfc062723c751e8b465ee728b)
Start importing Assets/Resources/Prefabs/Point_Nuoaier.prefab using Guid(f39992e56e04c04479d9300f26f8e91e) Importer(815301076,1909f56bfc062723c751e8b465ee728b)  -> (artifact id: '8c3938ffd72d154a77101966c0d42089') in 0.019665 seconds 
========================================================================
Received Import Request.
  Time since last request: 0.000173 seconds.
  path: Assets/Resources/Prefabs/qqRen_Stick.prefab
  artifactKey: Guid(ca45300757a5d2241a26bf12f55f22c8) Importer(815301076,1909f56bfc062723c751e8b465ee728b)
Start importing Assets/Resources/Prefabs/qqRen_Stick.prefab using Guid(ca45300757a5d2241a26bf12f55f22c8) Importer(815301076,1909f56bfc062723c751e8b465ee728b)  -> (artifact id: 'e95336a2425294667e5701b59a5c7fb1') in 0.017077 seconds 
========================================================================
Received Import Request.
  Time since last request: 0.000153 seconds.
  path: Assets/Resources/Prefabs/Point_Mona.prefab
  artifactKey: Guid(a1f224f94997008498c34ceb14b96dda) Importer(815301076,1909f56bfc062723c751e8b465ee728b)
Start importing Assets/Resources/Prefabs/Point_Mona.prefab using Guid(a1f224f94997008498c34ceb14b96dda) Importer(815301076,1909f56bfc062723c751e8b465ee728b)  -> (artifact id: 'e4b7615fc4f3cbaa173405ed01f8ea87') in 0.019339 seconds 
========================================================================
Received Import Request.
  Time since last request: 0.000189 seconds.
  path: Assets/Resources/Prefabs/qqRen0.prefab
  artifactKey: Guid(637256055eb8b564787b63328f05e261) Importer(815301076,1909f56bfc062723c751e8b465ee728b)
Start importing Assets/Resources/Prefabs/qqRen0.prefab using Guid(637256055eb8b564787b63328f05e261) Importer(815301076,1909f56bfc062723c751e8b465ee728b)  -> (artifact id: '0b0a5bddeae4880d655a6f8a7d9ffb16') in 0.015608 seconds 
AssetImportWorkerClient::OnTransportError - code=2 error=End of file
